<?xml version="1.0" encoding="UTF-8"?>
<testsuite name="TestStart" tests="1" skipped="0" failures="0" errors="0" timestamp="2024-09-08T19:37:09" hostname="10-252-174-135.student.trincoll.edu" time="0.002">
  <properties/>
  <testcase name="testOk" classname="TestStart" time="0.002"/>
  <system-out><![CDATA[]]></system-out>
  <system-err><![CDATA[]]></system-err>
</testsuite>
