<?xml version="1.0" encoding="UTF-8"?>
<testsuite name="TestNamedArguments" tests="1" skipped="0" failures="0" errors="0" timestamp="2024-09-08T19:45:54" hostname="10-252-174-135.student.trincoll.edu" time="0.01">
  <properties/>
  <testcase name="testJoinToString" classname="TestNamedArguments" time="0.01"/>
  <system-out><![CDATA[]]></system-out>
  <system-err><![CDATA[]]></system-err>
</testsuite>
