<?xml version="1.0" encoding="UTF-8"?>
<testsuite name="TestLambdas" tests="2" skipped="0" failures="0" errors="0" timestamp="2024-09-08T21:10:06" hostname="10-252-174-135.student.trincoll.edu" time="0.007">
  <properties/>
  <testcase name="contains" classname="TestLambdas" time="0.007"/>
  <testcase name="notContains" classname="TestLambdas" time="0.0"/>
  <system-out><![CDATA[]]></system-out>
  <system-err><![CDATA[]]></system-err>
</testsuite>
